************************************************************************
Not in type system
<object-type name="DesignerSupport"/>
<object-type name="QDesignerCustomWidgetCollectionInterface"/>
<object-type name="QDesignerCustomWidgetInterface"/>
<object-type name="QMediaServiceFeaturesInterface"/>
************************************************************************

************************************************************************
Generation disabled by type system
<object-type name="QAbstractConcatenable"/>
<object-type name="QAbstractEventDispatcher"/>
<object-type name="QAbstractNativeEventFilter"/>
<object-type name="QAbstractPlanarVideoBuffer"/>
<object-type name="QAbstractUndoItem"/>
<object-type name="QAbstractVideoFilter"/>
<object-type name="QAccessible"/>
<object-type name="QAccessibleActionInterface"/>
<object-type name="QAccessibleApplication"/>
<object-type name="QAccessibleBridge"/>
<object-type name="QAccessibleBridgePlugin"/>
<object-type name="QAccessibleEditableTextInterface"/>
<object-type name="QAccessibleImageInterface"/>
<object-type name="QAccessibleInterface"/>
<object-type name="QAccessibleObject"/>
<object-type name="QAccessiblePlugin"/>
<object-type name="QAccessibleStateChangeEvent"/>
<object-type name="QAccessibleTableCellInterface"/>
<object-type name="QAccessibleTableInterface"/>
<object-type name="QAccessibleTableModelChangeEvent"/>
<object-type name="QAccessibleTextCursorEvent"/>
<object-type name="QAccessibleTextInsertEvent"/>
<object-type name="QAccessibleTextInterface"/>
<object-type name="QAccessibleTextRemoveEvent"/>
<object-type name="QAccessibleTextSelectionEvent"/>
<object-type name="QAccessibleTextUpdateEvent"/>
<object-type name="QAccessibleValueChangeEvent"/>
<object-type name="QAccessibleValueInterface"/>
<object-type name="QAccessibleWidget"/>
<object-type name="QAlgorithmsPrivate"/>
<object-type name="QAnimationDriver"/>
<object-type name="QArrayData"/>
<object-type name="QArrayDataOps"/>
<object-type name="QArrayDataPointer"/>
<object-type name="QArrayDataPointerRef"/>
<object-type name="QArrayOpsSelector"/>
<object-type name="QAssociativeIterable"/>
<object-type name="QAtomicAdditiveType"/>
<object-type name="QAtomicInt"/>
<object-type name="QAtomicInteger"/>
<object-type name="QAtomicOps"/>
<object-type name="QAtomicOpsSupport>"/>
<object-type name="QAtomicPointer"/>
<object-type name="QAudioBuffer::StereoFrame"/>
<object-type name="QAudioBuffer::StereoFrameDefault"/>
<object-type name="QBasicAtomicInteger"/>
<object-type name="QBasicAtomicPointer"/>
<object-type name="QBitRef"/>
<object-type name="QBrushData"/>
<object-type name="QByteArrayDataPtr"/>
<object-type name="QByteArrayMatcher::Data"/>
<object-type name="QCache"/>
<object-type name="QChar"/>
<object-type name="QCharRef"/>
<object-type name="QColormap"/>
<object-type name="QConcatenable"/>
<object-type name="QContiguousCache"/>
<object-type name="QContiguousCacheData"/>
<object-type name="QContiguousCacheTypedData"/>
<object-type name="QDebug"/>
<object-type name="QDebugStateSaver"/>
<object-type name="QEnableSharedFromThis"/>
<object-type name="QEventLoopLocker"/>
<object-type name="QException"/>
<object-type name="QExplicitlySharedDataPointer"/>
<object-type name="QFlag"/>
<object-type name="QFlags"/>
<object-type name="QForeachContainer"/>
<object-type name="QForeachContainerBase"/>
<object-type name="QFuture::const_iterator"/>
<object-type name="QFutureInterface"/>
<object-type name="QFutureInterfaceBase"/>
<object-type name="QFutureSynchronizer"/>
<object-type name="QFutureWatcherBase"/>
<object-type name="QGL"/>
<object-type name="QGLColormap::QGLColormapData"/>
<object-type name="QGLFunctionsPrivate"/>
<object-type name="QGenericAtomicOps"/>
<object-type name="QGenericMatrix"/>
<object-type name="QGenericPlugin"/>
<object-type name="QGenericPluginFactory"/>
<object-type name="QHash"/>
<object-type name="QHashData"/>
<object-type name="QHashDummyValue"/>
<object-type name="QHashIterator"/>
<object-type name="QHashNode"/>
<object-type name="QIconEngine::AvailableSizesArgument"/>
<object-type name="QIconEnginePlugin"/>
<object-type name="QIncompatibleFlag"/>
<object-type name="QInputMethodQueryEvent::QueryPair"/>
<object-type name="QIntegerForSize>"/>
<object-type name="QIntegerForSizeof"/>
<object-type name="QInternal"/>
<object-type name="QItemEditorCreator"/>
<object-type name="QJSValueIterator"/>
<object-type name="QJsonArray::const_iterator"/>
<object-type name="QJsonArray::iterator"/>
<object-type name="QJsonObject::const_iterator"/>
<object-type name="QJsonObject::iterator"/>
<object-type name="QJsonValuePtr"/>
<object-type name="QJsonValueRef"/>
<object-type name="QJsonValueRefPtr"/>
<object-type name="QLatin1Char"/>
<object-type name="QLatin1String"/>
<object-type name="QLinkedList"/>
<object-type name="QLinkedListData"/>
<object-type name="QLinkedListIterator"/>
<object-type name="QLinkedListNode"/>
<object-type name="QList::MemoryLayout"/>
<object-type name="QList::Node"/>
<object-type name="QList::const_iterator"/>
<object-type name="QList::iterator"/>
<object-type name="QListData"/>
<object-type name="QListIterator"/>
<object-type name="QListSpecialMethods"/>
<object-type name="QLoggingCategory"/>
<object-type name="QMap"/>
<object-type name="QMapData"/>
<object-type name="QMapDataBase"/>
<object-type name="QMapIterator"/>
<object-type name="QMapNode"/>
<object-type name="QMapNodeBase"/>
<object-type name="QMdi"/>
<object-type name="QMetaTypeId"/>
<object-type name="QMetaTypeId2"/>
<object-type name="QMetaTypeIdQObject"/>
<object-type name="QMultiHash"/>
<object-type name="QMultiMap"/>
<object-type name="QMutableHashIterator"/>
<object-type name="QMutableLinkedListIterator"/>
<object-type name="QMutableListIterator"/>
<object-type name="QMutableMapIterator"/>
<object-type name="QMutableSetIterator"/>
<object-type name="QMutableVectorIterator"/>
<object-type name="QMutexLocker"/>
<object-type name="QNoDebug"/>
<object-type name="QObjectCleanupHandler"/>
<object-type name="QObjectData"/>
<object-type name="QObjectUserData"/>
<object-type name="QOpenGLDebugLogger"/>
<object-type name="QOpenGLDebugMessage"/>
<object-type name="QOpenGLPixelTransferOptions"/>
<object-type name="QOpenGLVertexArrayObject::Binder"/>
<object-type name="QPalette::Data"/>
<object-type name="QPatternist::NodeIndexStorage"/>
<object-type name="QPluginLoader"/>
<object-type name="QPointer"/>
<object-type name="QQmlImageProviderBase"/>
<object-type name="QQmlListProperty"/>
<object-type name="QQmlTypeInfo"/>
<object-type name="QQuickItem::ItemChangeData"/>
<object-type name="QQuickTextureFactory"/>
<object-type name="QReadLocker"/>
<object-type name="QRegion::QRegionData"/>
<object-type name="QSGMaterial"/>
<object-type name="QSGMaterialShader"/>
<object-type name="QSGOpaqueTextureMaterial"/>
<object-type name="QSGSimpleMaterial"/>
<object-type name="QSGSimpleMaterialComparableMaterial"/>
<object-type name="QSGSimpleMaterialShader"/>
<object-type name="QSGSimpleRectNode"/>
<object-type name="QSGSimpleTextureNode"/>
<object-type name="QSGVertexColorMaterial"/>
<object-type name="QScopedArrayPointer"/>
<object-type name="QScopedPointer"/>
<object-type name="QScopedPointerArrayDeleter"/>
<object-type name="QScopedPointerDeleter"/>
<object-type name="QScopedPointerObjectDeleteLater"/>
<object-type name="QScopedPointerPodDeleter"/>
<object-type name="QScopedValueRollback"/>
<object-type name="QSequentialIterable"/>
<object-type name="QSet"/>
<object-type name="QSetIterator"/>
<object-type name="QSharedData"/>
<object-type name="QSharedDataPointer"/>
<object-type name="QSharedPointer"/>
<object-type name="QSizePolicy::Bits"/>
<object-type name="QSqlDriverCreator"/>
<object-type name="QSqlDriverPlugin"/>
<object-type name="QSqlError::Unused"/>
<object-type name="QStack"/>
<object-type name="QStandardItemEditorCreator"/>
<object-type name="QStaticArrayData"/>
<object-type name="QStaticAssertFailure"/>
<object-type name="QStaticByteArrayData"/>
<object-type name="QStaticPlugin"/>
<object-type name="QStaticStringData"/>
<object-type name="QString"/>
<object-type name="QStringBuilder"/>
<object-type name="QStringBuilderBase"/>
<object-type name="QStringBuilderCommon"/>
<object-type name="QStringDataPtr"/>
<object-type name="QStringMatcher::Data"/>
<object-type name="QStringRef"/>
<object-type name="QTextBlock::iterator"/>
<object-type name="QTextCodec::ConverterState"/>
<object-type name="QTextFrame::iterator"/>
<object-type name="QTextFrameLayoutData"/>
<object-type name="QTextObjectInterface"/>
<object-type name="QTextStreamManipulator"/>
<object-type name="QThreadStorage"/>
<object-type name="QThreadStorageData"/>
<object-type name="QTimeZone::OffsetData"/>
<object-type name="QTreeWidgetItemIterator"/>
<object-type name="QTypeInfo"/>
<object-type name="QTypeInfoMerger"/>
<object-type name="QTypedArrayData"/>
<object-type name="QUnhandledException"/>
<object-type name="QUrlTwoFlags"/>
<object-type name="QVarLengthArray"/>
<object-type name="QVariant"/>
<object-type name="QVariantComparisonHelper"/>
<object-type name="QVector::AlignmentDummy"/>
<object-type name="QVectorIterator"/>
<object-type name="QVideoFilterRunnable"/>
<object-type name="QWeakPointer"/>
<object-type name="QWidgetData"/>
<object-type name="QWidgetItemV2"/>
<object-type name="QWriteLocker"/>
<object-type name="QXmlAttributes::Attribute"/>
<object-type name="QXmlNamespaceSupport"/>
<object-type name="QXmlStreamStringRef"/>
<object-type name="QtPrivate"/>
<object-type name="qGreater"/>
<object-type name="qLess"/>
<object-type name="std"/>
************************************************************************

************************************************************************
Type redefined to not be a class
<object-type name="QByteRef"/>
<object-type name="QThread"/>
************************************************************************

************************************************************************
Unmatched argument type
************************************************************************

************************************************************************
Unmatched return type
************************************************************************

